10/13/2014 9:06:06 AM,ZOD,ReadEmployeesFromFile error: Could not find file 'Z:\_Redistributables\ABS Internal Software\SignInOut\bin\Debug\SignInOut.dat'.
10/13/2014 9:06:06 AM,ZOD,MainForm load complete
10/13/2014 9:06:06 AM,ZOD,ResetTimer will occur in 17:53:53 from now
10/13/2014 9:06:08 AM,ZOD,ReadEmployeesFromFile error: Could not find file 'Z:\_Redistributables\ABS Internal Software\SignInOut\bin\Debug\SignInOut.dat'.
10/13/2014 9:06:11 AM,ZOD,ReadEmployeesFromFile error: Could not find file 'Z:\_Redistributables\ABS Internal Software\SignInOut\bin\Debug\SignInOut.dat'.
11/5/2014 10:01:01 AM,ZOD,ReadEmployeesFromFile error: Could not find file 'Z:\_Redistributables\ABS Internal Software\SignInOut\bin\Debug\SignInOut.dat'.
11/5/2014 10:01:01 AM,ZOD,MainForm load complete
11/5/2014 10:01:01 AM,ZOD,ResetTimer will occur in 16:59:01 from now
11/5/2014 10:01:03 AM,ZOD,ReadEmployeesFromFile error: Could not find file 'Z:\_Redistributables\ABS Internal Software\SignInOut\bin\Debug\SignInOut.dat'.
11/5/2014 10:01:06 AM,ZOD,ReadEmployeesFromFile error: Could not find file 'Z:\_Redistributables\ABS Internal Software\SignInOut\bin\Debug\SignInOut.dat'.
6/27/2016 8:20:55 AM,713SAEDRISILT01,ReadEmployeesFromFile error: Could not find file 'Z:\_Redistributables\ABS Internal Software\SignInOut\bin\Debug\SignInOut.dat'.
6/27/2016 8:20:55 AM,713SAEDRISILT01,MainForm load complete
6/27/2016 8:20:55 AM,713SAEDRISILT01,ResetTimer will occur in 18:39:05 from now
6/27/2016 8:20:57 AM,713SAEDRISILT01,ReadEmployeesFromFile error: Could not find file 'Z:\_Redistributables\ABS Internal Software\SignInOut\bin\Debug\SignInOut.dat'.
6/27/2016 8:20:57 AM,713SAEDRISILT01,ReadEmployeesFromFile error: Could not find file 'Z:\_Redistributables\ABS Internal Software\SignInOut\bin\Debug\SignInOut.dat'.
6/27/2016 8:20:58 AM,713SAEDRISILT01,ReadEmployeesFromFile error: Could not find file 'Z:\_Redistributables\ABS Internal Software\SignInOut\bin\Debug\SignInOut.dat'.
6/27/2016 8:21:00 AM,713SAEDRISILT01,ReadEmployeesFromFile error: Could not find file 'Z:\_Redistributables\ABS Internal Software\SignInOut\bin\Debug\SignInOut.dat'.
10/7/2016 9:24:48 AM,ZOD,ReadEmployeesFromFile error: Could not find file 'C:\CAD\VBDotNet\Studio2015\SignInOut\bin\Debug\SignInOut.dat'.
10/7/2016 9:24:53 AM,ZOD,ReadEmployeesFromFile error: Could not find file 'C:\CAD\VBDotNet\Studio2015\SignInOut\bin\Debug\SignInOut.dat'.
10/7/2016 10:50:06 AM,ZOD,ReadEmployeesFromFile error: Could not find file 'C:\CAD\VBDotNet\Studio2015\SignInOut_v2\bin\Debug\SignInOut.dat'.
10/7/2016 10:50:06 AM,ZOD,MainForm load complete
10/7/2016 10:50:06 AM,ZOD,ResetTimer will occur in 16:09:56 from now
10/7/2016 10:50:11 AM,ZOD,ReadEmployeesFromFile error: Could not find file 'C:\CAD\VBDotNet\Studio2015\SignInOut_v2\bin\Debug\SignInOut.dat'.
10/7/2016 10:50:11 AM,ZOD,ReadEmployeesFromFile error: Could not find file 'C:\CAD\VBDotNet\Studio2015\SignInOut_v2\bin\Debug\SignInOut.dat'.
10/7/2016 10:50:12 AM,ZOD,ReadEmployeesFromFile error: Could not find file 'C:\CAD\VBDotNet\Studio2015\SignInOut_v2\bin\Debug\SignInOut.dat'.
10/7/2016 10:50:12 AM,ZOD,ReadEmployeesFromFile error: Could not find file 'C:\CAD\VBDotNet\Studio2015\SignInOut_v2\bin\Debug\SignInOut.dat'.
10/7/2016 10:50:16 AM,ZOD,ReadEmployeesFromFile error: Could not find file 'C:\CAD\VBDotNet\Studio2015\SignInOut_v2\bin\Debug\SignInOut.dat'.
10/7/2016 10:50:21 AM,ZOD,ReadEmployeesFromFile error: Could not find file 'C:\CAD\VBDotNet\Studio2015\SignInOut_v2\bin\Debug\SignInOut.dat'.
10/18/2016 10:45:23 AM,ZOD,ReadEmployeesFromFile error: Could not find file 'C:\CAD\VBDotNet\Studio2015\SignInOut_v2\bin\Debug\SignInOut.dat'.
10/18/2016 10:45:23 AM,ZOD,MainForm load complete
10/18/2016 10:45:23 AM,ZOD,ResetTimer will occur in 16:14:40 from now
10/18/2016 10:45:24 AM,ZOD,ReadEmployeesFromFile error: Could not find file 'C:\CAD\VBDotNet\Studio2015\SignInOut_v2\bin\Debug\SignInOut.dat'.
10/18/2016 10:45:28 AM,ZOD,ReadEmployeesFromFile error: Could not find file 'C:\CAD\VBDotNet\Studio2015\SignInOut_v2\bin\Debug\SignInOut.dat'.
10/18/2016 10:45:33 AM,ZOD,ReadEmployeesFromFile error: Could not find file 'C:\CAD\VBDotNet\Studio2015\SignInOut_v2\bin\Debug\SignInOut.dat'.
10/18/2016 10:45:38 AM,ZOD,ReadEmployeesFromFile error: Could not find file 'C:\CAD\VBDotNet\Studio2015\SignInOut_v2\bin\Debug\SignInOut.dat'.
10/21/2016 10:18:54 AM,ZOD,ReadEmployeesFromFile error: Could not find file 'C:\CAD\VBDotNet\Studio2015\SignInOut_v2\bin\Debug\SignInOut.dat'.
10/21/2016 10:19:42 AM,ZOD,ReadEmployeesFromFile error: Could not find file 'C:\CAD\VBDotNet\Studio2015\SignInOut_v2\bin\Debug\SignInOut.dat'.
10/21/2016 10:20:29 AM,ZOD,ReadEmployeesFromFile error: Could not find file 'C:\CAD\VBDotNet\Studio2015\SignInOut_v2\bin\Debug\SignInOut.dat'.
10/21/2016 10:21:09 AM,ZOD,ReadEmployeesFromFile error: Could not find file 'C:\CAD\VBDotNet\Studio2015\SignInOut_v2\bin\Debug\SignInOut.dat'.
10/21/2016 10:22:48 AM,ZOD,ReadEmployeesFromFile error: Could not find file 'C:\CAD\VBDotNet\Studio2015\SignInOut_v2\bin\Debug\SignInOut.dat'.
10/21/2016 10:22:56 AM,ZOD,ReadEmployeesFromFile error: Could not find file 'C:\CAD\VBDotNet\Studio2015\SignInOut_v2\bin\Debug\SignInOut.dat'.
10/21/2016 10:23:24 AM,ZOD,ReadEmployeesFromFile error: Could not find file 'C:\CAD\VBDotNet\Studio2015\SignInOut_v2\bin\Debug\SignInOut.dat'.
10/21/2016 10:58:35 AM,ZOD,ReadEmployeesFromFile error: Could not find file 'C:\CAD\VBDotNet\Studio2015\SignInOut_v2\bin\Debug\SignInOut.dat'.
10/21/2016 11:01:12 AM,ZOD,ReadEmployeesFromFile error: Path cannot be null.
Parameter name: path
10/21/2016 11:02:07 AM,ZOD,ReadEmployeesFromFile error: Path cannot be null.
Parameter name: path
10/21/2016 11:03:49 AM,ZOD,ReadEmployeesFromFile error: Path cannot be null.
Parameter name: path
10/21/2016 11:03:53 AM,ZOD,MainForm load complete
10/21/2016 11:03:53 AM,ZOD,ResetTimer will occur in 15:56:09 from now
10/21/2016 11:03:53 AM,ZOD,ReadEmployeesFromFile error: Could not find file 'C:\CAD\VBDotNet\Studio2015\SignInOut_v2\bin\Debug\SignInOut.dat'.
10/21/2016 11:03:56 AM,ZOD,ReadEmployeesFromFile error: Could not find file 'C:\CAD\VBDotNet\Studio2015\SignInOut_v2\bin\Debug\SignInOut.dat'.
10/21/2016 11:03:58 AM,ZOD,ReadEmployeesFromFile error: Could not find file 'C:\CAD\VBDotNet\Studio2015\SignInOut_v2\bin\Debug\SignInOut.dat'.
