7/29/2014 9:29:40 PM,GRKLT02,Ian Winegardner,True
7/29/2014 9:30:17 PM,GRKLT02,MainForm load complete
7/30/2014 3:00:00 AM,GRKLT02,Reset timer event
7/30/2014 3:00:00 AM,GRKLT02,Anthony Belzung,False (AutoLogOff)
7/30/2014 3:00:00 AM,GRKLT02,Ben Harrison,False (AutoLogOff)
7/30/2014 3:00:00 AM,GRKLT02,Ian Winegardner,False (AutoLogOff)
7/30/2014 9:33:09 AM,GRKLT02,MainForm load complete
7/30/2014 9:33:21 AM,GRKLT02,MainForm load complete
7/30/2014 9:33:25 AM,GRKLT02,Vanessa Fields,True
7/30/2014 9:33:26 AM,GRKLT02,Tosh Edrishi,True
7/30/2014 9:33:28 AM,GRKLT02,Verla Martin,True
7/30/2014 9:33:29 AM,GRKLT02,Tosh Edrishi,False
7/30/2014 9:33:40 AM,GRKLT02,MainForm load complete
7/30/2014 9:33:41 AM,GRKLT02,Tosh Edrishi,True
7/30/2014 9:33:41 AM,GRKLT02,Vanessa Fields,True
7/30/2014 9:33:45 AM,GRKLT02,Matt Kraemer,True
7/30/2014 9:33:45 AM,GRKLT02,Michael Weinberg,True
7/30/2014 9:33:45 AM,GRKLT02,Nelson Duran,True
7/30/2014 9:33:49 AM,GRKLT02,Vanessa Fields,True
7/30/2014 9:35:23 AM,GRKLT02,MainForm load complete
7/30/2014 9:35:24 AM,GRKLT02,Tosh Edrishi,True
7/30/2014 9:35:24 AM,GRKLT02,Vanessa Fields,True
7/30/2014 9:35:26 AM,GRKLT02,Jeff Goodman,True
7/30/2014 9:35:36 AM,GRKLT02,MainForm load complete
7/30/2014 9:35:38 AM,GRKLT02,Jeff Goodman,False
